2017-09-10 03:35:54.486  INFO 8832 --- [restartedMain] org.student.StudentInvoker               : Starting StudentInvoker on SwathiSuresh with PID 8832 (C:\Users\swathisuresh\git\SpringBoot\StudentService\target\classes started by swathisuresh in C:\Users\swathisuresh\git\SpringBoot\StudentService)
2017-09-10 03:35:54.486  INFO 8832 --- [restartedMain] org.student.StudentInvoker               : No active profile set, falling back to default profiles: default
2017-09-10 03:35:54.533  INFO 8832 --- [restartedMain] ationConfigEmbeddedWebApplicationContext : Refreshing org.springframework.boot.context.embedded.AnnotationConfigEmbeddedWebApplicationContext@109cd503: startup date [Sun Sep 10 03:35:54 IST 2017]; root of context hierarchy
2017-09-10 03:35:56.533  INFO 8832 --- [restartedMain] s.b.c.e.t.TomcatEmbeddedServletContainer : Tomcat initialized with port(s): 8080 (http)
2017-09-10 03:35:56.575  INFO 8832 --- [restartedMain] o.apache.catalina.core.StandardService   : Starting service [Tomcat]
2017-09-10 03:35:56.575  INFO 8832 --- [restartedMain] org.apache.catalina.core.StandardEngine  : Starting Servlet Engine: Apache Tomcat/8.5.16
2017-09-10 03:35:56.700  INFO 8832 --- [localhost-startStop-1] o.a.c.c.C.[Tomcat].[localhost].[/]       : Initializing Spring embedded WebApplicationContext
2017-09-10 03:35:56.700  INFO 8832 --- [localhost-startStop-1] o.s.web.context.ContextLoader            : Root WebApplicationContext: initialization completed in 2167 ms
2017-09-10 03:35:56.919  INFO 8832 --- [localhost-startStop-1] o.s.b.w.servlet.FilterRegistrationBean   : Mapping filter: 'characterEncodingFilter' to: [/*]
2017-09-10 03:35:56.919  INFO 8832 --- [localhost-startStop-1] o.s.b.w.servlet.FilterRegistrationBean   : Mapping filter: 'hiddenHttpMethodFilter' to: [/*]
2017-09-10 03:35:56.919  INFO 8832 --- [localhost-startStop-1] o.s.b.w.servlet.FilterRegistrationBean   : Mapping filter: 'httpPutFormContentFilter' to: [/*]
2017-09-10 03:35:56.919  INFO 8832 --- [localhost-startStop-1] o.s.b.w.servlet.FilterRegistrationBean   : Mapping filter: 'requestContextFilter' to: [/*]
2017-09-10 03:35:56.919  INFO 8832 --- [localhost-startStop-1] .s.DelegatingFilterProxyRegistrationBean : Mapping filter: 'springSecurityFilterChain' to: [/*]
2017-09-10 03:35:56.919  INFO 8832 --- [localhost-startStop-1] o.s.b.w.servlet.ServletRegistrationBean  : Mapping servlet: 'dispatcherServlet' to [/]
2017-09-10 03:35:57.549  INFO 8832 --- [restartedMain] j.LocalContainerEntityManagerFactoryBean : Building JPA container EntityManagerFactory for persistence unit 'default'
2017-09-10 03:35:58.342  INFO 8832 --- [restartedMain] j.LocalContainerEntityManagerFactoryBean : Initialized JPA EntityManagerFactory for persistence unit 'default'
2017-09-10 03:35:58.920  INFO 8832 --- [restartedMain] s.w.s.m.m.a.RequestMappingHandlerAdapter : Looking for @ControllerAdvice: org.springframework.boot.context.embedded.AnnotationConfigEmbeddedWebApplicationContext@109cd503: startup date [Sun Sep 10 03:35:54 IST 2017]; root of context hierarchy
2017-09-10 03:35:59.001  INFO 8832 --- [restartedMain] s.w.s.m.m.a.RequestMappingHandlerMapping : Mapped "{[/student/get/{id}],methods=[GET]}" onto public org.student.service.entity.Student org.student.service.controller.StudentController.get(int)
2017-09-10 03:35:59.001  INFO 8832 --- [restartedMain] s.w.s.m.m.a.RequestMappingHandlerMapping : Mapped "{[/student/delete/{id}],methods=[GET]}" onto public boolean org.student.service.controller.StudentController.update(int)
2017-09-10 03:35:59.001  INFO 8832 --- [restartedMain] s.w.s.m.m.a.RequestMappingHandlerMapping : Mapped "{[/student/update],methods=[PUT]}" onto public org.student.service.entity.Student org.student.service.controller.StudentController.update(org.student.service.entity.Student)
2017-09-10 03:35:59.017  INFO 8832 --- [restartedMain] s.w.s.m.m.a.RequestMappingHandlerMapping : Mapped "{[/student/find/{ids}],methods=[POST]}" onto public java.lang.Iterable<org.student.service.entity.Student> org.student.service.controller.StudentController.find(java.lang.Iterable<java.io.Serializable>)
2017-09-10 03:35:59.017  INFO 8832 --- [restartedMain] s.w.s.m.m.a.RequestMappingHandlerMapping : Mapped "{[/student/findall],methods=[GET]}" onto public java.lang.Iterable<org.student.service.entity.Student> org.student.service.controller.StudentController.findAll()
2017-09-10 03:35:59.017  INFO 8832 --- [restartedMain] s.w.s.m.m.a.RequestMappingHandlerMapping : Mapped "{[/error]}" onto public org.springframework.http.ResponseEntity<java.util.Map<java.lang.String, java.lang.Object>> org.springframework.boot.autoconfigure.web.BasicErrorController.error(javax.servlet.http.HttpServletRequest)
2017-09-10 03:35:59.017  INFO 8832 --- [restartedMain] s.w.s.m.m.a.RequestMappingHandlerMapping : Mapped "{[/error],produces=[text/html]}" onto public org.springframework.web.servlet.ModelAndView org.springframework.boot.autoconfigure.web.BasicErrorController.errorHtml(javax.servlet.http.HttpServletRequest,javax.servlet.http.HttpServletResponse)
2017-09-10 03:35:59.064  INFO 8832 --- [restartedMain] o.s.w.s.handler.SimpleUrlHandlerMapping  : Mapped URL path [/webjars/**] onto handler of type [class org.springframework.web.servlet.resource.ResourceHttpRequestHandler]
2017-09-10 03:35:59.064  INFO 8832 --- [restartedMain] o.s.w.s.handler.SimpleUrlHandlerMapping  : Mapped URL path [/**] onto handler of type [class org.springframework.web.servlet.resource.ResourceHttpRequestHandler]
2017-09-10 03:35:59.110  INFO 8832 --- [restartedMain] o.s.w.s.handler.SimpleUrlHandlerMapping  : Mapped URL path [/**/favicon.ico] onto handler of type [class org.springframework.web.servlet.resource.ResourceHttpRequestHandler]
2017-09-10 03:35:59.392  INFO 8832 --- [restartedMain] b.a.s.AuthenticationManagerConfiguration : 

Using default security password: 48e91280-6819-4e00-bd71-218beaaa00f7

2017-09-10 03:35:59.439  INFO 8832 --- [restartedMain] o.s.s.web.DefaultSecurityFilterChain     : Creating filter chain: OrRequestMatcher [requestMatchers=[Ant [pattern='/css/**'], Ant [pattern='/js/**'], Ant [pattern='/images/**'], Ant [pattern='/webjars/**'], Ant [pattern='/**/favicon.ico'], Ant [pattern='/error']]], []
2017-09-10 03:35:59.548  INFO 8832 --- [restartedMain] o.s.s.web.DefaultSecurityFilterChain     : Creating filter chain: OrRequestMatcher [requestMatchers=[Ant [pattern='/**']]], [org.springframework.security.web.context.request.async.WebAsyncManagerIntegrationFilter@5d8ae09, org.springframework.security.web.context.SecurityContextPersistenceFilter@1f4278d9, org.springframework.security.web.header.HeaderWriterFilter@6e37b41c, org.springframework.security.web.authentication.logout.LogoutFilter@9e161e1, org.springframework.security.web.authentication.www.BasicAuthenticationFilter@5d9c3f55, org.springframework.security.web.savedrequest.RequestCacheAwareFilter@1f4bdbf5, org.springframework.security.web.servletapi.SecurityContextHolderAwareRequestFilter@68a6e70, org.springframework.security.web.authentication.AnonymousAuthenticationFilter@15f9de1, org.springframework.security.web.session.SessionManagementFilter@35112890, org.springframework.security.web.access.ExceptionTranslationFilter@4004a63b, org.springframework.security.web.access.intercept.FilterSecurityInterceptor@6bd9eae4]
2017-09-10 03:35:59.704  INFO 8832 --- [restartedMain] o.s.b.d.a.OptionalLiveReloadServer       : LiveReload server is running on port 35729
2017-09-10 03:35:59.751  INFO 8832 --- [restartedMain] o.s.j.e.a.AnnotationMBeanExporter        : Registering beans for JMX exposure on startup
2017-09-10 03:35:59.814  INFO 8832 --- [restartedMain] s.b.c.e.t.TomcatEmbeddedServletContainer : Tomcat started on port(s): 8080 (http)
2017-09-10 03:35:59.814  INFO 8832 --- [restartedMain] org.student.StudentInvoker               : Started StudentInvoker in 5.578 seconds (JVM running for 6.003)
2017-09-10 03:36:07.023  INFO 8832 --- [http-nio-8080-exec-1] o.a.c.c.C.[Tomcat].[localhost].[/]       : Initializing Spring FrameworkServlet 'dispatcherServlet'
2017-09-10 03:36:07.026  INFO 8832 --- [http-nio-8080-exec-1] o.s.web.servlet.DispatcherServlet        : FrameworkServlet 'dispatcherServlet': initialization started
2017-09-10 03:36:07.058  INFO 8832 --- [http-nio-8080-exec-1] o.s.web.servlet.DispatcherServlet        : FrameworkServlet 'dispatcherServlet': initialization completed in 28 ms
2017-09-10 03:36:10.716 DEBUG 8832 --- [http-nio-8080-exec-2] org.hibernate.SQL                        : select student0_.id as id1_0_, student0_.course as course2_0_, student0_.name as name3_0_ from student student0_
